  Entity.cpp
  EntityManager.cpp
C:\Dev\COMP4300\A2\src\Components.h(27,29): error C2065: 'color': undeclared identifier
  (compiling source file '../src/Entity.cpp')
  
C:\Dev\COMP4300\A2\src\Components.h(55,1): error C4430: missing type specifier - int assumed. Note: C++ does not support default-int
  (compiling source file '../src/Entity.cpp')
  
C:\Dev\COMP4300\A2\src\Components.h(54,7): error C2146: syntax error: missing ';' before identifier 'CLifespan'
  (compiling source file '../src/Entity.cpp')
  
C:\Dev\COMP4300\A2\src\Components.h(55,1): error C2143: syntax error: missing ';' before '{'
  (compiling source file '../src/Entity.cpp')
  
C:\Dev\COMP4300\A2\src\Components.h(55,1): error C2447: '{': missing function header (old-style formal list?)
  (compiling source file '../src/Entity.cpp')
  
C:\Dev\COMP4300\A2\src\Components.h(66,1): error C4430: missing type specifier - int assumed. Note: C++ does not support default-int
  (compiling source file '../src/Entity.cpp')
  
C:\Dev\COMP4300\A2\src\Components.h(65,1): error C2086: 'int Class': redefinition
  (compiling source file '../src/Entity.cpp')
  C:\Dev\COMP4300\A2\src\Components.h(54,1):
  see declaration of 'Class'
  
C:\Dev\COMP4300\A2\src\Components.h(65,7): error C2146: syntax error: missing ';' before identifier 'CInput'
  (compiling source file '../src/Entity.cpp')
  
C:\Dev\COMP4300\A2\src\Components.h(66,1): error C2143: syntax error: missing ';' before '{'
  (compiling source file '../src/Entity.cpp')
  
C:\Dev\COMP4300\A2\src\Components.h(66,1): error C2447: '{': missing function header (old-style formal list?)
  (compiling source file '../src/Entity.cpp')
  
C:\Dev\COMP4300\A2\src\Entity.h(17,12): error C2061: syntax error: identifier 'constr'
  (compiling source file '../src/Entity.cpp')
  
C:\Dev\COMP4300\A2\src\Entity.h(24,21): error C2065: 'CLifespan': undeclared identifier
  (compiling source file '../src/Entity.cpp')
  
C:\Dev\COMP4300\A2\src\Entity.h(24,10): error C2923: 'std::shared_ptr': 'CLifespan' is not a valid template type argument for parameter '_Ty'
  (compiling source file '../src/Entity.cpp')
  C:\Dev\COMP4300\A2\src\Entity.h(24,21):
  see declaration of 'CLifespan'
  
C:\Dev\COMP4300\A2\src\Entity.cpp(3,9): error C2511: 'Entity::Entity(size_t,const std::string &)': overloaded member function not found in 'Entity'
  C:\Dev\COMP4300\A2\src\Entity.h(7,7):
  see declaration of 'Entity'
  
C:\Dev\COMP4300\A2\src\Entity.cpp(4,28): error C2550: 'Entity::{ctor}': constructor initializer lists are only allowed on constructor definitions
C:\Dev\COMP4300\A2\src\Entity.cpp(12,26): error C2065: 'm_active': undeclared identifier
C:\Dev\COMP4300\A2\src\Components.h(27,29): error C2065: 'color': undeclared identifier
  (compiling source file '../src/EntityManager.cpp')
  
C:\Dev\COMP4300\A2\src\Components.h(55,1): error C4430: missing type specifier - int assumed. Note: C++ does not support default-int
  (compiling source file '../src/EntityManager.cpp')
  
C:\Dev\COMP4300\A2\src\Components.h(54,7): error C2146: syntax error: missing ';' before identifier 'CLifespan'
  (compiling source file '../src/EntityManager.cpp')
  
C:\Dev\COMP4300\A2\src\Components.h(55,1): error C2143: syntax error: missing ';' before '{'
  (compiling source file '../src/EntityManager.cpp')
  
C:\Dev\COMP4300\A2\src\Components.h(55,1): error C2447: '{': missing function header (old-style formal list?)
  (compiling source file '../src/EntityManager.cpp')
  
C:\Dev\COMP4300\A2\src\Components.h(66,1): error C4430: missing type specifier - int assumed. Note: C++ does not support default-int
  (compiling source file '../src/EntityManager.cpp')
  
C:\Dev\COMP4300\A2\src\Components.h(65,1): error C2086: 'int Class': redefinition
  (compiling source file '../src/EntityManager.cpp')
  C:\Dev\COMP4300\A2\src\Components.h(54,1):
  see declaration of 'Class'
  
C:\Dev\COMP4300\A2\src\Components.h(65,7): error C2146: syntax error: missing ';' before identifier 'CInput'
  (compiling source file '../src/EntityManager.cpp')
  
C:\Dev\COMP4300\A2\src\Components.h(66,1): error C2143: syntax error: missing ';' before '{'
  (compiling source file '../src/EntityManager.cpp')
  
C:\Dev\COMP4300\A2\src\Components.h(66,1): error C2447: '{': missing function header (old-style formal list?)
  (compiling source file '../src/EntityManager.cpp')
  
C:\Dev\COMP4300\A2\src\Entity.h(17,12): error C2061: syntax error: identifier 'constr'
  (compiling source file '../src/EntityManager.cpp')
  
C:\Dev\COMP4300\A2\src\Entity.h(24,21): error C2065: 'CLifespan': undeclared identifier
  (compiling source file '../src/EntityManager.cpp')
  
C:\Dev\COMP4300\A2\src\Entity.h(24,10): error C2923: 'std::shared_ptr': 'CLifespan' is not a valid template type argument for parameter '_Ty'
  (compiling source file '../src/EntityManager.cpp')
  C:\Dev\COMP4300\A2\src\Entity.h(24,21):
  see declaration of 'CLifespan'
  
C:\Dev\COMP4300\A2\src\EntityManager.cpp(3,16): error C2533: 'EntityManager::{ctor}': constructors not allowed a return type
C:\Dev\COMP4300\A2\src\EntityManager.cpp(16,28): error C2039: 'getTag': is not a member of 'std::shared_ptr<Entity>'
  C:\Program Files\Microsoft Visual Studio\2022\Community\VC\Tools\MSVC\14.39.33519\include\memory(1525,7):
  see declaration of 'std::shared_ptr<Entity>'
  
C:\Dev\COMP4300\A2\src\EntityManager.cpp(25,17): error C2429: language feature 'structured bindings' requires compiler flag '/std:c++17'
C:\Dev\COMP4300\A2\src\EntityManager.cpp(27,9): error C2664: 'void EntityManager::removeDeadEntities(EntityVector &)': cannot convert argument 1 from 'unknown-type' to 'EntityVector &'
  C:\Dev\COMP4300\A2\src\EntityManager.h(20,7):
  see declaration of 'EntityManager::removeDeadEntities'
  C:\Dev\COMP4300\A2\src\EntityManager.cpp(27,9):
  while trying to match the argument list '(unknown-type)'
  
C:\Dev\COMP4300\A2\src\EntityManager.cpp(46,21): error C2039: 'isAlive': is not a member of 'std::shared_ptr<Entity>'
  C:\Program Files\Microsoft Visual Studio\2022\Community\VC\Tools\MSVC\14.39.33519\include\memory(1525,7):
  see declaration of 'std::shared_ptr<Entity>'
  
C:\Dev\COMP4300\A2\src\EntityManager.cpp(53,25): error C2065: 'm_entitiesForRemoval': undeclared identifier
C:\Dev\COMP4300\A2\src\EntityManager.cpp(53,5): error C2530: 'entity': references must be initialized
C:\Dev\COMP4300\A2\src\EntityManager.cpp(53,5): error C3531: 'entity': a symbol whose type contains 'auto' must have an initializer
C:\Dev\COMP4300\A2\src\EntityManager.cpp(53,23): error C2143: syntax error: missing ';' before ':'
C:\Dev\COMP4300\A2\src\EntityManager.cpp(53,45): error C2143: syntax error: missing ';' before ')'
C:\Dev\COMP4300\A2\src\EntityManager.cpp(62,53): error C2661: 'Entity::Entity': no overloaded function takes 2 arguments
  C:\Dev\COMP4300\A2\src\EntityManager.cpp(62,53):
  while trying to match the argument list '(size_t, const std::string)'
  
  Game.cpp
C:\Dev\COMP4300\A2\src\Components.h(27,29): error C2065: 'color': undeclared identifier
  (compiling source file '../src/Game.cpp')
  
C:\Dev\COMP4300\A2\src\Components.h(55,1): error C4430: missing type specifier - int assumed. Note: C++ does not support default-int
  (compiling source file '../src/Game.cpp')
  
C:\Dev\COMP4300\A2\src\Components.h(54,7): error C2146: syntax error: missing ';' before identifier 'CLifespan'
  (compiling source file '../src/Game.cpp')
  
C:\Dev\COMP4300\A2\src\Components.h(55,1): error C2143: syntax error: missing ';' before '{'
  (compiling source file '../src/Game.cpp')
  
C:\Dev\COMP4300\A2\src\Components.h(55,1): error C2447: '{': missing function header (old-style formal list?)
  (compiling source file '../src/Game.cpp')
  
C:\Dev\COMP4300\A2\src\Components.h(66,1): error C4430: missing type specifier - int assumed. Note: C++ does not support default-int
  (compiling source file '../src/Game.cpp')
  
C:\Dev\COMP4300\A2\src\Components.h(65,1): error C2086: 'int Class': redefinition
  (compiling source file '../src/Game.cpp')
  C:\Dev\COMP4300\A2\src\Components.h(54,1):
  see declaration of 'Class'
  
C:\Dev\COMP4300\A2\src\Components.h(65,7): error C2146: syntax error: missing ';' before identifier 'CInput'
  (compiling source file '../src/Game.cpp')
  
C:\Dev\COMP4300\A2\src\Components.h(66,1): error C2143: syntax error: missing ';' before '{'
  (compiling source file '../src/Game.cpp')
  
C:\Dev\COMP4300\A2\src\Components.h(66,1): error C2447: '{': missing function header (old-style formal list?)
  (compiling source file '../src/Game.cpp')
  
C:\Dev\COMP4300\A2\src\Entity.h(17,12): error C2061: syntax error: identifier 'constr'
  (compiling source file '../src/Game.cpp')
  
C:\Dev\COMP4300\A2\src\Entity.h(24,21): error C2065: 'CLifespan': undeclared identifier
  (compiling source file '../src/Game.cpp')
  
C:\Dev\COMP4300\A2\src\Entity.h(24,10): error C2923: 'std::shared_ptr': 'CLifespan' is not a valid template type argument for parameter '_Ty'
  (compiling source file '../src/Game.cpp')
  C:\Dev\COMP4300\A2\src\Entity.h(24,21):
  see declaration of 'CLifespan'
  
C:\Dev\COMP4300\A2\src\Game.h(9,1): error C2236: unexpected token 'struct'. Did you forget a ';'?
  (compiling source file '../src/Game.cpp')
  
C:\Dev\COMP4300\A2\src\Game.h(9,21): error C2059: syntax error: '{'
  (compiling source file '../src/Game.cpp')
  
C:\Dev\COMP4300\A2\src\Game.h(9,21): error C2143: syntax error: missing ';' before '{'
  (compiling source file '../src/Game.cpp')
  
C:\Dev\COMP4300\A2\src\Game.h(9,21): error C2447: '{': missing function header (old-style formal list?)
  (compiling source file '../src/Game.cpp')
  
C:\Dev\COMP4300\A2\src\Game.h(20,18): error C3646: 'm_playerConfig': unknown override specifier
  (compiling source file '../src/Game.cpp')
  
C:\Dev\COMP4300\A2\src\Game.h(20,32): error C4430: missing type specifier - int assumed. Note: C++ does not support default-int
  (compiling source file '../src/Game.cpp')
  
C:\Dev\COMP4300\A2\src\Game.cpp(26,11): error C2065: 'm_running': undeclared identifier
C:\Dev\COMP4300\A2\src\Game.cpp(48,12): error C2039: 'setPaused': is not a member of 'Game'
  C:\Dev\COMP4300\A2\src\Game.h(13,7):
  see declaration of 'Game'
  
C:\Dev\COMP4300\A2\src\Game.cpp(50,5): error C2065: 'm_isPaused': undeclared identifier
C:\Dev\COMP4300\A2\src\Game.cpp(72,14): warning C4091: '': ignored on left of 'sf::Event' when no variable is declared
C:\Dev\COMP4300\A2\src\Game.cpp(73,31): error C2065: 'event': undeclared identifier
C:\Dev\COMP4300\A2\src\Game.cpp(75,45): error C2065: 'event': undeclared identifier
C:\Dev\COMP4300\A2\src\Game.cpp(77,13): error C2065: 'event': undeclared identifier
C:\Dev\COMP4300\A2\src\Game.cpp(84,13): error C2065: 'event': undeclared identifier
C:\Dev\COMP4300\A2\src\Game.cpp(86,21): error C2065: 'event': undeclared identifier
C:\Dev\COMP4300\A2\src\Game.cpp(95,26): error C2039: 'cout': is not a member of 'std'
  C:\Program Files\Microsoft Visual Studio\2022\Community\VC\Tools\MSVC\14.39.33519\include\map(24,1):
  see declaration of 'std'
  
C:\Dev\COMP4300\A2\src\Game.cpp(95,26): error C2065: 'cout': undeclared identifier
C:\Dev\COMP4300\A2\src\Game.cpp(102,13): error C2065: 'event': undeclared identifier
C:\Dev\COMP4300\A2\src\Game.cpp(104,21): error C2065: 'event': undeclared identifier
C:\Dev\COMP4300\A2\src\Game.cpp(107,22): error C2039: 'cout': is not a member of 'std'
  C:\Program Files\Microsoft Visual Studio\2022\Community\VC\Tools\MSVC\14.39.33519\include\map(24,1):
  see declaration of 'std'
  
C:\Dev\COMP4300\A2\src\Game.cpp(107,22): error C2065: 'cout': undeclared identifier
C:\Dev\COMP4300\A2\src\Game.cpp(114,13): error C2065: 'event': undeclared identifier
C:\Dev\COMP4300\A2\src\Game.cpp(119,17): error C2065: 'event': undeclared identifier
C:\Dev\COMP4300\A2\src\Game.cpp(121,22): error C2039: 'cout': is not a member of 'std'
  C:\Program Files\Microsoft Visual Studio\2022\Community\VC\Tools\MSVC\14.39.33519\include\map(24,1):
  see declaration of 'std'
  
C:\Dev\COMP4300\A2\src\Game.cpp(121,22): error C2065: 'cout': undeclared identifier
C:\Dev\COMP4300\A2\src\Game.cpp(121,66): error C2065: 'event': undeclared identifier
C:\Dev\COMP4300\A2\src\Game.cpp(121,97): error C2065: 'event': undeclared identifier
C:\Dev\COMP4300\A2\src\Game.cpp(125,17): error C2065: 'event': undeclared identifier
C:\Dev\COMP4300\A2\src\Game.cpp(127,22): error C2039: 'cout': is not a member of 'std'
  C:\Program Files\Microsoft Visual Studio\2022\Community\VC\Tools\MSVC\14.39.33519\include\map(24,1):
  see declaration of 'std'
  
C:\Dev\COMP4300\A2\src\Game.cpp(127,22): error C2065: 'cout': undeclared identifier
C:\Dev\COMP4300\A2\src\Game.cpp(127,67): error C2065: 'event': undeclared identifier
C:\Dev\COMP4300\A2\src\Game.cpp(127,98): error C2065: 'event': undeclared identifier
C:\Dev\COMP4300\A2\src\Game.cpp(153,1): error C2143: syntax error: missing ';' before '}'
C:\Dev\COMP4300\A2\src\Game.cpp(219,49): error C2248: 'EntityManager::addEntity': cannot access private member declared in class 'EntityManager'
  C:\Dev\COMP4300\A2\src\EntityManager.h(19,26):
  see declaration of 'EntityManager::addEntity'
  C:\Dev\COMP4300\A2\src\EntityManager.h(10,7):
  see declaration of 'EntityManager'
  
C:\Dev\COMP4300\A2\src\Game.cpp(225,13): error C2039: 'cInput': is not a member of 'Entity'
  C:\Dev\COMP4300\A2\src\Entity.h(7,7):
  see declaration of 'Entity'
  
C:\Dev\COMP4300\A2\src\Game.cpp(225,39): error C2065: 'CInput': undeclared identifier
C:\Dev\COMP4300\A2\src\Game.cpp(225,27): error C2672: 'std::make_shared': no matching overloaded function found
  C:\Program Files\Microsoft Visual Studio\2022\Community\VC\Tools\MSVC\14.39.33519\include\memory(2737,5):
  could be 'std::shared_ptr<_Ty> std::make_shared(_Types &&...)'
  	C:\Dev\COMP4300\A2\src\Game.cpp(225,39):
  	'std::make_shared': invalid template argument for '_Ty', type expected
  
C:\Dev\COMP4300\A2\src\Game.cpp(242,12): error C2511: 'void Game::spawnSmallEnemies(std::shared_ptr<Entity>)': overloaded member function not found in 'Game'
  C:\Dev\COMP4300\A2\src\Game.h(13,7):
  see declaration of 'Game'
  
C:\Dev\COMP4300\A2\src\Game.cpp(252,12): error C2511: 'void Game::spawnBullet(std::shared_ptr<Entity>,const Vec2 &)': overloaded member function not found in 'Game'
  C:\Dev\COMP4300\A2\src\Game.h(13,7):
  see declaration of 'Game'
  
C:\Dev\COMP4300\A2\src\Game.cpp(259,12): error C2511: 'void Game::spawnSpecialWeapon(std::shared_ptr<Entity>)': overloaded member function not found in 'Game'
  C:\Dev\COMP4300\A2\src\Game.h(13,7):
  see declaration of 'Game'
  
  imgui-SFML.cpp
  imgui.cpp
  imgui_draw.cpp
  imgui_tables.cpp
  imgui_widgets.cpp
  main.cpp
C:\Dev\COMP4300\A2\src\Components.h(27,29): error C2065: 'color': undeclared identifier
  (compiling source file '../src/main.cpp')
  
C:\Dev\COMP4300\A2\src\Components.h(55,1): error C4430: missing type specifier - int assumed. Note: C++ does not support default-int
  (compiling source file '../src/main.cpp')
  
C:\Dev\COMP4300\A2\src\Components.h(54,7): error C2146: syntax error: missing ';' before identifier 'CLifespan'
  (compiling source file '../src/main.cpp')
  
C:\Dev\COMP4300\A2\src\Components.h(55,1): error C2143: syntax error: missing ';' before '{'
  (compiling source file '../src/main.cpp')
  
C:\Dev\COMP4300\A2\src\Components.h(55,1): error C2447: '{': missing function header (old-style formal list?)
  (compiling source file '../src/main.cpp')
  
C:\Dev\COMP4300\A2\src\Components.h(66,1): error C4430: missing type specifier - int assumed. Note: C++ does not support default-int
  (compiling source file '../src/main.cpp')
  
C:\Dev\COMP4300\A2\src\Components.h(65,1): error C2086: 'int Class': redefinition
  (compiling source file '../src/main.cpp')
  C:\Dev\COMP4300\A2\src\Components.h(54,1):
  see declaration of 'Class'
  
C:\Dev\COMP4300\A2\src\Components.h(65,7): error C2146: syntax error: missing ';' before identifier 'CInput'
  (compiling source file '../src/main.cpp')
  
C:\Dev\COMP4300\A2\src\Components.h(66,1): error C2143: syntax error: missing ';' before '{'
  (compiling source file '../src/main.cpp')
  
C:\Dev\COMP4300\A2\src\Components.h(66,1): error C2447: '{': missing function header (old-style formal list?)
  (compiling source file '../src/main.cpp')
  
C:\Dev\COMP4300\A2\src\Entity.h(17,12): error C2061: syntax error: identifier 'constr'
  (compiling source file '../src/main.cpp')
  
C:\Dev\COMP4300\A2\src\Entity.h(24,21): error C2065: 'CLifespan': undeclared identifier
  (compiling source file '../src/main.cpp')
  
C:\Dev\COMP4300\A2\src\Entity.h(24,10): error C2923: 'std::shared_ptr': 'CLifespan' is not a valid template type argument for parameter '_Ty'
  (compiling source file '../src/main.cpp')
  C:\Dev\COMP4300\A2\src\Entity.h(24,21):
  see declaration of 'CLifespan'
  
C:\Dev\COMP4300\A2\src\Game.h(9,1): error C2236: unexpected token 'struct'. Did you forget a ';'?
  (compiling source file '../src/main.cpp')
  
C:\Dev\COMP4300\A2\src\Game.h(9,21): error C2059: syntax error: '{'
  (compiling source file '../src/main.cpp')
  
C:\Dev\COMP4300\A2\src\Game.h(9,21): error C2143: syntax error: missing ';' before '{'
  (compiling source file '../src/main.cpp')
  
C:\Dev\COMP4300\A2\src\Game.h(9,21): error C2447: '{': missing function header (old-style formal list?)
  (compiling source file '../src/main.cpp')
  
C:\Dev\COMP4300\A2\src\Game.h(20,18): error C3646: 'm_playerConfig': unknown override specifier
  (compiling source file '../src/main.cpp')
  
C:\Dev\COMP4300\A2\src\Game.h(20,32): error C4430: missing type specifier - int assumed. Note: C++ does not support default-int
  (compiling source file '../src/main.cpp')
  
  Vec2.cpp
  Generating Code...
